This file contains any messages produced by compilers while
running configure, to aid debugging if configure makes a mistake.

It was created by configure, which was
generated by GNU Autoconf 2.59.  Invocation command line was

  $ ./configure --host=aarch64-libreelec-linux-gnueabi

## --------- ##
## Platform. ##
## --------- ##

hostname = debian
uname -m = x86_64
uname -r = 6.12.57+deb12-amd64
uname -s = Linux
uname -v = #1 SMP PREEMPT_DYNAMIC Debian 6.12.57-1~bpo12+1 (2025-11-17)

/usr/bin/uname -p = unknown
/bin/uname -X     = unknown

/bin/arch              = x86_64
/usr/bin/arch -k       = unknown
/usr/convex/getsysinfo = unknown
hostinfo               = unknown
/bin/machine           = unknown
/usr/bin/oslevel       = unknown
/bin/universe          = unknown

PATH: /opt/RetroPixel_toolchain/bin
PATH: /usr/sbin
PATH: /usr/local/sbin
PATH: /home/ninoh-fox/.cargo/bin
PATH: /usr/local/bin
PATH: /usr/bin
PATH: /bin
PATH: /usr/local/games
PATH: /usr/games
PATH: /opt/RetroPixel_toolchain/aarch64-libreelec-linux-gnueabi/sysroot/bin


## ----------- ##
## Core tests. ##
## ----------- ##

configure:1319: checking for aarch64-libreelec-linux-gnueabi-gcc
configure:1345: result: aarch64-libreelec-linux-gnueabi-gcc
configure:1627: checking for C compiler version
configure:1630: aarch64-libreelec-linux-gnueabi-gcc --version </dev/null >&5
aarch64-libreelec-linux-gnueabi-gcc-13.2.0 (GCC) 13.2.0
Copyright (C) 2023 Free Software Foundation, Inc.
This is free software; see the source for copying conditions.  There is NO
warranty; not even for MERCHANTABILITY or FITNESS FOR A PARTICULAR PURPOSE.

configure:1633: $? = 0
configure:1635: aarch64-libreelec-linux-gnueabi-gcc -v </dev/null >&5
Using built-in specs.
COLLECT_GCC=/opt/RetroPixel_toolchain//bin/aarch64-libreelec-linux-gnueabi-gcc-13.2.0
COLLECT_LTO_WRAPPER=/opt/RetroPixel_toolchain/bin/../lib/gcc/aarch64-libreelec-linux-gnueabi/13.2.0/lto-wrapper
Target: aarch64-libreelec-linux-gnueabi
Configured with: /opt/codes/RETRO_PIXEL_POCKET/build.RetroPixel-RPPOCKET.aarch64/gcc-13.2.0/configure --host=x86_64-linux-gnu --build=x86_64-linux-gnu --prefix=/opt/RetroPixel_toolchain/ --bindir=/opt/RetroPixel_toolchain//bin --sbindir=/opt/RetroPixel_toolchain//sbin --sysconfdir=/opt/RetroPixel_toolchain//etc --libexecdir=/opt/RetroPixel_toolchain//lib --localstatedir=/opt/RetroPixel_toolchain//var --disable-static --enable-shared --target=aarch64-libreelec-linux-gnueabi --with-sysroot=/opt/RetroPixel_toolchain//aarch64-libreelec-linux-gnueabi/sysroot --with-gmp=/opt/RetroPixel_toolchain/ --with-mpfr=/opt/RetroPixel_toolchain/ --with-mpc=/opt/RetroPixel_toolchain/ --with-zstd=/opt/RetroPixel_toolchain/ --with-gnu-as --with-gnu-ld --enable-plugin --enable-lto --enable-gold --enable-ld=default --with-linker-hash-style=gnu --disable-multilib --disable-nls --enable-checking=release --without-ppl --without-cloog --disable-libada --disable-libmudflap --disable-libitm --disable-libquadmath --disable-libmpx --disable-libssp --enable-__cxa_atexit --enable-languages=c,c++ --disable-libatomic --enable-decimal-float --enable-tls --enable-shared --disable-static --enable-c99 --enable-libgomp --enable-long-long --enable-threads=posix --disable-libstdcxx-pch --enable-libstdcxx-time --enable-clocale=gnu --with-abi=lp64 --with-arch=armv8-a
Thread model: posix
Supported LTO compression algorithms: zlib zstd
gcc version 13.2.0 (GCC) 
configure:1638: $? = 0
configure:1640: aarch64-libreelec-linux-gnueabi-gcc -V </dev/null >&5
aarch64-libreelec-linux-gnueabi-gcc-13.2.0: error: unrecognized command-line option '-V'
aarch64-libreelec-linux-gnueabi-gcc-13.2.0: fatal error: no input files
compilation terminated.
configure:1643: $? = 1
configure:1666: checking for C compiler default output file name
configure:1669: aarch64-libreelec-linux-gnueabi-gcc    conftest.c  >&5
configure:1672: $? = 0
configure:1718: result: a.out
configure:1723: checking whether the C compiler works
configure:1729: ./a.out
aarch64-binfmt-P: Could not open '/lib/ld-linux-aarch64.so.1': No such file or directory
configure:1732: $? = 255
configure:1749: result: yes
configure:1756: checking whether we are cross compiling
configure:1758: result: yes
configure:1761: checking for suffix of executables
configure:1763: aarch64-libreelec-linux-gnueabi-gcc -o conftest    conftest.c  >&5
configure:1766: $? = 0
configure:1791: result: 
configure:1797: checking for suffix of object files
configure:1818: aarch64-libreelec-linux-gnueabi-gcc -c   conftest.c >&5
configure:1821: $? = 0
configure:1843: result: o
configure:1847: checking whether we are using the GNU C compiler
configure:1871: aarch64-libreelec-linux-gnueabi-gcc -c   conftest.c >&5
configure:1877: $? = 0
configure:1881: test -z 
			 || test ! -s conftest.err
configure:1884: $? = 0
configure:1887: test -s conftest.o
configure:1890: $? = 0
configure:1903: result: yes
configure:1909: checking whether aarch64-libreelec-linux-gnueabi-gcc accepts -g
configure:1930: aarch64-libreelec-linux-gnueabi-gcc -c -g  conftest.c >&5
configure:1936: $? = 0
configure:1940: test -z 
			 || test ! -s conftest.err
configure:1943: $? = 0
configure:1946: test -s conftest.o
configure:1949: $? = 0
configure:1960: result: yes
configure:1977: checking for aarch64-libreelec-linux-gnueabi-gcc option to accept ANSI C
configure:2047: aarch64-libreelec-linux-gnueabi-gcc  -c -g -O2  conftest.c >&5
configure:2053: $? = 0
configure:2057: test -z 
			 || test ! -s conftest.err
configure:2060: $? = 0
configure:2063: test -s conftest.o
configure:2066: $? = 0
configure:2084: result: none needed
configure:2102: aarch64-libreelec-linux-gnueabi-gcc -c -g -O2  conftest.c >&5
conftest.c:2:3: error: unknown type name 'choke'
    2 |   choke me
      |   ^~~~~
conftest.c:2:3: error: expected '=', ',', ';', 'asm' or '__attribute__' at end of input
configure:2108: $? = 1
configure: failed program was:
| #ifndef __cplusplus
|   choke me
| #endif
configure:2247: checking how to run the C preprocessor
configure:2282: aarch64-libreelec-linux-gnueabi-gcc -E  conftest.c
configure:2288: $? = 0
configure:2320: aarch64-libreelec-linux-gnueabi-gcc -E  conftest.c
conftest.c:9:10: fatal error: ac_nonexistent.h: No such file or directory
    9 | #include <ac_nonexistent.h>
      |          ^~~~~~~~~~~~~~~~~~
compilation terminated.
configure:2326: $? = 1
configure: failed program was:
| /* confdefs.h.  */
| 
| #define PACKAGE_NAME ""
| #define PACKAGE_TARNAME ""
| #define PACKAGE_VERSION ""
| #define PACKAGE_STRING ""
| #define PACKAGE_BUGREPORT ""
| /* end confdefs.h.  */
| #include <ac_nonexistent.h>
configure:2365: result: aarch64-libreelec-linux-gnueabi-gcc -E
configure:2389: aarch64-libreelec-linux-gnueabi-gcc -E  conftest.c
configure:2395: $? = 0
configure:2427: aarch64-libreelec-linux-gnueabi-gcc -E  conftest.c
conftest.c:9:10: fatal error: ac_nonexistent.h: No such file or directory
    9 | #include <ac_nonexistent.h>
      |          ^~~~~~~~~~~~~~~~~~
compilation terminated.
configure:2433: $? = 1
configure: failed program was:
| /* confdefs.h.  */
| 
| #define PACKAGE_NAME ""
| #define PACKAGE_TARNAME ""
| #define PACKAGE_VERSION ""
| #define PACKAGE_STRING ""
| #define PACKAGE_BUGREPORT ""
| /* end confdefs.h.  */
| #include <ac_nonexistent.h>
configure:2477: checking for egrep
configure:2487: result: grep -E
configure:2492: checking for ANSI C header files
configure:2517: aarch64-libreelec-linux-gnueabi-gcc -c -g -O2  conftest.c >&5
configure:2523: $? = 0
configure:2527: test -z 
			 || test ! -s conftest.err
configure:2530: $? = 0
configure:2533: test -s conftest.o
configure:2536: $? = 0
configure:2648: result: yes
configure:2672: checking for sys/types.h
configure:2688: aarch64-libreelec-linux-gnueabi-gcc -c -g -O2  conftest.c >&5
configure:2694: $? = 0
configure:2698: test -z 
			 || test ! -s conftest.err
configure:2701: $? = 0
configure:2704: test -s conftest.o
configure:2707: $? = 0
configure:2718: result: yes
configure:2672: checking for sys/stat.h
configure:2688: aarch64-libreelec-linux-gnueabi-gcc -c -g -O2  conftest.c >&5
configure:2694: $? = 0
configure:2698: test -z 
			 || test ! -s conftest.err
configure:2701: $? = 0
configure:2704: test -s conftest.o
configure:2707: $? = 0
configure:2718: result: yes
configure:2672: checking for stdlib.h
configure:2688: aarch64-libreelec-linux-gnueabi-gcc -c -g -O2  conftest.c >&5
configure:2694: $? = 0
configure:2698: test -z 
			 || test ! -s conftest.err
configure:2701: $? = 0
configure:2704: test -s conftest.o
configure:2707: $? = 0
configure:2718: result: yes
configure:2672: checking for string.h
configure:2688: aarch64-libreelec-linux-gnueabi-gcc -c -g -O2  conftest.c >&5
configure:2694: $? = 0
configure:2698: test -z 
			 || test ! -s conftest.err
configure:2701: $? = 0
configure:2704: test -s conftest.o
configure:2707: $? = 0
configure:2718: result: yes
configure:2672: checking for memory.h
configure:2688: aarch64-libreelec-linux-gnueabi-gcc -c -g -O2  conftest.c >&5
configure:2694: $? = 0
configure:2698: test -z 
			 || test ! -s conftest.err
configure:2701: $? = 0
configure:2704: test -s conftest.o
configure:2707: $? = 0
configure:2718: result: yes
configure:2672: checking for strings.h
configure:2688: aarch64-libreelec-linux-gnueabi-gcc -c -g -O2  conftest.c >&5
configure:2694: $? = 0
configure:2698: test -z 
			 || test ! -s conftest.err
configure:2701: $? = 0
configure:2704: test -s conftest.o
configure:2707: $? = 0
configure:2718: result: yes
configure:2672: checking for inttypes.h
configure:2688: aarch64-libreelec-linux-gnueabi-gcc -c -g -O2  conftest.c >&5
configure:2694: $? = 0
configure:2698: test -z 
			 || test ! -s conftest.err
configure:2701: $? = 0
configure:2704: test -s conftest.o
configure:2707: $? = 0
configure:2718: result: yes
configure:2672: checking for stdint.h
configure:2688: aarch64-libreelec-linux-gnueabi-gcc -c -g -O2  conftest.c >&5
configure:2694: $? = 0
configure:2698: test -z 
			 || test ! -s conftest.err
configure:2701: $? = 0
configure:2704: test -s conftest.o
configure:2707: $? = 0
configure:2718: result: yes
configure:2672: checking for unistd.h
configure:2688: aarch64-libreelec-linux-gnueabi-gcc -c -g -O2  conftest.c >&5
configure:2694: $? = 0
configure:2698: test -z 
			 || test ! -s conftest.err
configure:2701: $? = 0
configure:2704: test -s conftest.o
configure:2707: $? = 0
configure:2718: result: yes
configure:2744: checking sys/soundcard.h usability
configure:2756: aarch64-libreelec-linux-gnueabi-gcc -c -g -O2  conftest.c >&5
configure:2762: $? = 0
configure:2766: test -z 
			 || test ! -s conftest.err
configure:2769: $? = 0
configure:2772: test -s conftest.o
configure:2775: $? = 0
configure:2785: result: yes
configure:2789: checking sys/soundcard.h presence
configure:2799: aarch64-libreelec-linux-gnueabi-gcc -E  conftest.c
configure:2805: $? = 0
configure:2825: result: yes
configure:2860: checking for sys/soundcard.h
configure:2867: result: yes
configure:2885: checking how to run the C preprocessor
configure:3003: result: aarch64-libreelec-linux-gnueabi-gcc -E
configure:3027: aarch64-libreelec-linux-gnueabi-gcc -E  conftest.c
configure:3033: $? = 0
configure:3065: aarch64-libreelec-linux-gnueabi-gcc -E  conftest.c
conftest.c:20:10: fatal error: ac_nonexistent.h: No such file or directory
   20 | #include <ac_nonexistent.h>
      |          ^~~~~~~~~~~~~~~~~~
compilation terminated.
configure:3071: $? = 1
configure: failed program was:
| /* confdefs.h.  */
| 
| #define PACKAGE_NAME ""
| #define PACKAGE_TARNAME ""
| #define PACKAGE_VERSION ""
| #define PACKAGE_STRING ""
| #define PACKAGE_BUGREPORT ""
| #define STDC_HEADERS 1
| #define HAVE_SYS_TYPES_H 1
| #define HAVE_SYS_STAT_H 1
| #define HAVE_STDLIB_H 1
| #define HAVE_STRING_H 1
| #define HAVE_MEMORY_H 1
| #define HAVE_STRINGS_H 1
| #define HAVE_INTTYPES_H 1
| #define HAVE_STDINT_H 1
| #define HAVE_UNISTD_H 1
| #define HAVE_SYS_SOUNDCARD_H 1
| /* end confdefs.h.  */
| #include <ac_nonexistent.h>
configure:3124: checking for aarch64-libreelec-linux-gnueabi-g++
configure:3150: result: aarch64-libreelec-linux-gnueabi-g++
configure:3208: checking for C++ compiler version
configure:3211: aarch64-libreelec-linux-gnueabi-g++ --version </dev/null >&5
aarch64-libreelec-linux-gnueabi-g++-13.2.0 (GCC) 13.2.0
Copyright (C) 2023 Free Software Foundation, Inc.
This is free software; see the source for copying conditions.  There is NO
warranty; not even for MERCHANTABILITY or FITNESS FOR A PARTICULAR PURPOSE.

configure:3214: $? = 0
configure:3216: aarch64-libreelec-linux-gnueabi-g++ -v </dev/null >&5
Using built-in specs.
COLLECT_GCC=/opt/RetroPixel_toolchain//bin/aarch64-libreelec-linux-gnueabi-g++-13.2.0
COLLECT_LTO_WRAPPER=/opt/RetroPixel_toolchain/bin/../lib/gcc/aarch64-libreelec-linux-gnueabi/13.2.0/lto-wrapper
Target: aarch64-libreelec-linux-gnueabi
Configured with: /opt/codes/RETRO_PIXEL_POCKET/build.RetroPixel-RPPOCKET.aarch64/gcc-13.2.0/configure --host=x86_64-linux-gnu --build=x86_64-linux-gnu --prefix=/opt/RetroPixel_toolchain/ --bindir=/opt/RetroPixel_toolchain//bin --sbindir=/opt/RetroPixel_toolchain//sbin --sysconfdir=/opt/RetroPixel_toolchain//etc --libexecdir=/opt/RetroPixel_toolchain//lib --localstatedir=/opt/RetroPixel_toolchain//var --disable-static --enable-shared --target=aarch64-libreelec-linux-gnueabi --with-sysroot=/opt/RetroPixel_toolchain//aarch64-libreelec-linux-gnueabi/sysroot --with-gmp=/opt/RetroPixel_toolchain/ --with-mpfr=/opt/RetroPixel_toolchain/ --with-mpc=/opt/RetroPixel_toolchain/ --with-zstd=/opt/RetroPixel_toolchain/ --with-gnu-as --with-gnu-ld --enable-plugin --enable-lto --enable-gold --enable-ld=default --with-linker-hash-style=gnu --disable-multilib --disable-nls --enable-checking=release --without-ppl --without-cloog --disable-libada --disable-libmudflap --disable-libitm --disable-libquadmath --disable-libmpx --disable-libssp --enable-__cxa_atexit --enable-languages=c,c++ --disable-libatomic --enable-decimal-float --enable-tls --enable-shared --disable-static --enable-c99 --enable-libgomp --enable-long-long --enable-threads=posix --disable-libstdcxx-pch --enable-libstdcxx-time --enable-clocale=gnu --with-abi=lp64 --with-arch=armv8-a
Thread model: posix
Supported LTO compression algorithms: zlib zstd
gcc version 13.2.0 (GCC) 
configure:3219: $? = 0
configure:3221: aarch64-libreelec-linux-gnueabi-g++ -V </dev/null >&5
aarch64-libreelec-linux-gnueabi-g++-13.2.0: error: unrecognized command-line option '-V'
aarch64-libreelec-linux-gnueabi-g++-13.2.0: fatal error: no input files
compilation terminated.
configure:3224: $? = 1
configure:3227: checking whether we are using the GNU C++ compiler
configure:3251: aarch64-libreelec-linux-gnueabi-g++ -c   conftest.cc >&5
configure:3257: $? = 0
configure:3261: test -z 
			 || test ! -s conftest.err
configure:3264: $? = 0
configure:3267: test -s conftest.o
configure:3270: $? = 0
configure:3283: result: yes
configure:3289: checking whether aarch64-libreelec-linux-gnueabi-g++ accepts -g
configure:3310: aarch64-libreelec-linux-gnueabi-g++ -c -g  conftest.cc >&5
configure:3316: $? = 0
configure:3320: test -z 
			 || test ! -s conftest.err
configure:3323: $? = 0
configure:3326: test -s conftest.o
configure:3329: $? = 0
configure:3340: result: yes
configure:3382: aarch64-libreelec-linux-gnueabi-g++ -c -g -O2  conftest.cc >&5
configure:3388: $? = 0
configure:3392: test -z 
			 || test ! -s conftest.err
configure:3395: $? = 0
configure:3398: test -s conftest.o
configure:3401: $? = 0
configure:3427: aarch64-libreelec-linux-gnueabi-g++ -c -g -O2  conftest.cc >&5
conftest.cc: In function 'int main()':
conftest.cc:24:1: error: 'exit' was not declared in this scope
   24 | exit (42);
      | ^~~~
conftest.cc:1:1: note: 'exit' is defined in header '<cstdlib>'; did you forget to '#include <cstdlib>'?
    1 | /* confdefs.h.  */
configure:3433: $? = 1
configure: failed program was:
| /* confdefs.h.  */
| 
| #define PACKAGE_NAME ""
| #define PACKAGE_TARNAME ""
| #define PACKAGE_VERSION ""
| #define PACKAGE_STRING ""
| #define PACKAGE_BUGREPORT ""
| #define STDC_HEADERS 1
| #define HAVE_SYS_TYPES_H 1
| #define HAVE_SYS_STAT_H 1
| #define HAVE_STDLIB_H 1
| #define HAVE_STRING_H 1
| #define HAVE_MEMORY_H 1
| #define HAVE_STRINGS_H 1
| #define HAVE_INTTYPES_H 1
| #define HAVE_STDINT_H 1
| #define HAVE_UNISTD_H 1
| #define HAVE_SYS_SOUNDCARD_H 1
| /* end confdefs.h.  */
| 
| int
| main ()
| {
| exit (42);
|   ;
|   return 0;
| }
configure:3382: aarch64-libreelec-linux-gnueabi-g++ -c -g -O2  conftest.cc >&5
conftest.cc:20:17: warning: 'void std::exit(int)' has not been declared within 'std'
   20 | extern "C" void std::exit (int) throw (); using std::exit;
      |                 ^~~
<built-in>: note: only here as a 'friend'
configure:3388: $? = 0
configure:3392: test -z 
			 || test ! -s conftest.err
configure:3395: $? = 0
configure:3398: test -s conftest.o
configure:3401: $? = 0
configure:3427: aarch64-libreelec-linux-gnueabi-g++ -c -g -O2  conftest.cc >&5
conftest.cc:20:17: warning: 'void std::exit(int)' has not been declared within 'std'
   20 | extern "C" void std::exit (int) throw (); using std::exit;
      |                 ^~~
<built-in>: note: only here as a 'friend'
configure:3433: $? = 0
configure:3437: test -z 
			 || test ! -s conftest.err
configure:3440: $? = 0
configure:3443: test -s conftest.o
configure:3446: $? = 0
configure:3469: checking whether byte ordering is bigendian
configure:3496: aarch64-libreelec-linux-gnueabi-gcc -c -g -O2  conftest.c >&5
configure:3502: $? = 0
configure:3506: test -z 
			 || test ! -s conftest.err
configure:3509: $? = 0
configure:3512: test -s conftest.o
configure:3515: $? = 0
configure:3539: aarch64-libreelec-linux-gnueabi-gcc -c -g -O2  conftest.c >&5
conftest.c: In function 'main':
conftest.c:30:2: error: unknown type name 'not'; did you mean 'ino_t'?
   30 |  not big endian
      |  ^~~
      |  ino_t
conftest.c:30:10: error: expected '=', ',', ';', 'asm' or '__attribute__' before 'endian'
   30 |  not big endian
      |          ^~~~~~
configure:3545: $? = 1
configure: failed program was:
| /* confdefs.h.  */
| 
| #define PACKAGE_NAME ""
| #define PACKAGE_TARNAME ""
| #define PACKAGE_VERSION ""
| #define PACKAGE_STRING ""
| #define PACKAGE_BUGREPORT ""
| #define STDC_HEADERS 1
| #define HAVE_SYS_TYPES_H 1
| #define HAVE_SYS_STAT_H 1
| #define HAVE_STDLIB_H 1
| #define HAVE_STRING_H 1
| #define HAVE_MEMORY_H 1
| #define HAVE_STRINGS_H 1
| #define HAVE_INTTYPES_H 1
| #define HAVE_STDINT_H 1
| #define HAVE_UNISTD_H 1
| #define HAVE_SYS_SOUNDCARD_H 1
| #ifdef __cplusplus
| extern "C" void std::exit (int) throw (); using std::exit;
| #endif
| /* end confdefs.h.  */
| #include <sys/types.h>
| #include <sys/param.h>
| 
| int
| main ()
| {
| #if BYTE_ORDER != BIG_ENDIAN
|  not big endian
| #endif
| 
|   ;
|   return 0;
| }
configure:3680: result: no
configure:3699: checking for inline
configure:3720: aarch64-libreelec-linux-gnueabi-gcc -c -g -O2  conftest.c >&5
configure:3726: $? = 0
configure:3730: test -z 
			 || test ! -s conftest.err
configure:3733: $? = 0
configure:3736: test -s conftest.o
configure:3739: $? = 0
configure:3751: result: inline
configure:3801: checking build system type
configure:3819: result: x86_64-pc-linux-gnu
configure:3827: checking host system type
configure:3841: result: aarch64-libreelec-linux-gnueabi
configure:3850: checking for snd_pcm_open in -lasound
configure:3880: aarch64-libreelec-linux-gnueabi-gcc -o conftest -g -O2   conftest.c -lasound   >&5
configure:3886: $? = 0
configure:3890: test -z 
			 || test ! -s conftest.err
configure:3893: $? = 0
configure:3896: test -s conftest
configure:3899: $? = 0
configure:3912: result: yes
configure:4134: creating ./config.status

## ---------------------- ##
## Running config.status. ##
## ---------------------- ##

This file was extended by config.status, which was
generated by GNU Autoconf 2.59.  Invocation command line was

  CONFIG_FILES    = 
  CONFIG_HEADERS  = 
  CONFIG_LINKS    = 
  CONFIG_COMMANDS = 
  $ ./config.status 

on debian

config.status:652: creating Makefile
config.status:755: creating config.h

## ---------------- ##
## Cache variables. ##
## ---------------- ##

ac_cv_build=x86_64-pc-linux-gnu
ac_cv_build_alias=x86_64-pc-linux-gnu
ac_cv_c_bigendian=no
ac_cv_c_compiler_gnu=yes
ac_cv_c_inline=inline
ac_cv_cxx_compiler_gnu=yes
ac_cv_env_CC_set=set
ac_cv_env_CC_value=aarch64-libreelec-linux-gnueabi-gcc
ac_cv_env_CFLAGS_set=
ac_cv_env_CFLAGS_value=
ac_cv_env_CPPFLAGS_set=
ac_cv_env_CPPFLAGS_value=
ac_cv_env_CPP_set=
ac_cv_env_CPP_value=
ac_cv_env_CXXFLAGS_set=
ac_cv_env_CXXFLAGS_value=
ac_cv_env_CXX_set=set
ac_cv_env_CXX_value=aarch64-libreelec-linux-gnueabi-g++
ac_cv_env_LDFLAGS_set=
ac_cv_env_LDFLAGS_value=
ac_cv_env_build_alias_set=
ac_cv_env_build_alias_value=
ac_cv_env_host_alias_set=set
ac_cv_env_host_alias_value=aarch64-libreelec-linux-gnueabi
ac_cv_env_target_alias_set=
ac_cv_env_target_alias_value=
ac_cv_exeext=
ac_cv_header_inttypes_h=yes
ac_cv_header_memory_h=yes
ac_cv_header_stdc=yes
ac_cv_header_stdint_h=yes
ac_cv_header_stdlib_h=yes
ac_cv_header_string_h=yes
ac_cv_header_strings_h=yes
ac_cv_header_sys_soundcard_h=yes
ac_cv_header_sys_stat_h=yes
ac_cv_header_sys_types_h=yes
ac_cv_header_unistd_h=yes
ac_cv_host=aarch64-libreelec-linux-gnueabi
ac_cv_host_alias=aarch64-libreelec-linux-gnueabi
ac_cv_lib_asound_snd_pcm_open=yes
ac_cv_objext=o
ac_cv_prog_CC=aarch64-libreelec-linux-gnueabi-gcc
ac_cv_prog_CPP='aarch64-libreelec-linux-gnueabi-gcc -E'
ac_cv_prog_CXX=aarch64-libreelec-linux-gnueabi-g++
ac_cv_prog_cc_g=yes
ac_cv_prog_cc_stdc=
ac_cv_prog_cxx_g=yes
ac_cv_prog_egrep='grep -E'

## ----------------- ##
## Output variables. ##
## ----------------- ##

CC='aarch64-libreelec-linux-gnueabi-gcc'
CFLAGS='-DLINUX -I./VBA -DVERSION_STR=\"0.07\" -DHA_VERSION_STR=\"0.11\" -I./libresample-0.1.3/include -O3 -DC_CORE'
CPP='aarch64-libreelec-linux-gnueabi-gcc -E'
CPPFLAGS=''
CXX='aarch64-libreelec-linux-gnueabi-g++'
CXXFLAGS='-g -O2'
DEFS='-DHAVE_CONFIG_H'
ECHO_C=''
ECHO_N='-n'
ECHO_T=''
EGREP='grep -E'
EXEEXT=''
LDFLAGS='-lz -lresample -L./libresample-0.1.3 -lasound'
LIBOBJS=''
LIBS=''
LTLIBOBJS=''
OBJEXT='o'
PACKAGE_BUGREPORT=''
PACKAGE_NAME=''
PACKAGE_STRING=''
PACKAGE_TARNAME=''
PACKAGE_VERSION=''
PATH_SEPARATOR=':'
SHELL='/bin/bash'
ac_ct_CC=''
ac_ct_CXX=''
bindir='${exec_prefix}/bin'
build='x86_64-pc-linux-gnu'
build_alias=''
build_cpu='x86_64'
build_os='linux-gnu'
build_vendor='pc'
datadir='${prefix}/share'
exec_prefix='${prefix}'
host='aarch64-libreelec-linux-gnueabi'
host_alias='aarch64-libreelec-linux-gnueabi'
host_cpu='aarch64'
host_os='linux-gnueabi'
host_vendor='libreelec'
includedir='${prefix}/include'
infodir='${prefix}/info'
libdir='${exec_prefix}/lib'
libexecdir='${exec_prefix}/libexec'
localstatedir='${prefix}/var'
mandir='${prefix}/man'
oldincludedir='/usr/include'
prefix='/usr/local'
program_transform_name='s,x,x,'
sbindir='${exec_prefix}/sbin'
sharedstatedir='${prefix}/com'
sysconfdir='${prefix}/etc'
target_alias=''

## ----------- ##
## confdefs.h. ##
## ----------- ##

#define HAVE_INTTYPES_H 1
#define HAVE_MEMORY_H 1
#define HAVE_STDINT_H 1
#define HAVE_STDLIB_H 1
#define HAVE_STRINGS_H 1
#define HAVE_STRING_H 1
#define HAVE_SYS_SOUNDCARD_H 1
#define HAVE_SYS_STAT_H 1
#define HAVE_SYS_TYPES_H 1
#define HAVE_UNISTD_H 1
#define PACKAGE_BUGREPORT ""
#define PACKAGE_NAME ""
#define PACKAGE_STRING ""
#define PACKAGE_TARNAME ""
#define PACKAGE_VERSION ""
#define STDC_HEADERS 1
#endif
#ifdef __cplusplus
extern "C" void std::exit (int) throw (); using std::exit;

configure: exit 0
